Program start: Mon May  9 05:27:35 2022
Program start: Mon May  9 05:30:05 2022
Program start: Mon May  9 05:31:32 2022
Testing start:Mon May  9 05:31:36 2022
Program start: Mon May  9 05:33:15 2022
Prediction start:Mon May  9 05:33:19 2022
Program start: Mon May  9 05:42:05 2022
Prediction start:Mon May  9 05:42:08 2022
Program start: Mon May  9 05:45:10 2022
Prediction start:Mon May  9 05:45:13 2022
prediction of /data/suparna/workspace/face_reasearch/smallfaces/Brie Larson102_942.jpg female
Program start: Mon May  9 05:45:46 2022
Prediction start:Mon May  9 05:45:50 2022
Program start: Mon May  9 05:48:46 2022
Prediction start:Mon May  9 05:48:50 2022
prediction of /data/suparna/workspace/face_reasearch/smallfaces/Brie Larson102_942.jpg female
prediction of /data/suparna/workspace/face_reasearch/smallfaces/female2.png male
prediction of /data/suparna/workspace/face_reasearch/smallfaces/male2.png male
prediction of /data/suparna/workspace/face_reasearch/smallfaces/male1.png male
prediction of /data/suparna/workspace/face_reasearch/smallfaces/Anne Hathaway10_295.jpg female
prediction of /data/suparna/workspace/face_reasearch/smallfaces/Gwyneth Paltrow102_2061.jpg female
prediction of /data/suparna/workspace/face_reasearch/smallfaces/Brenton Thwaites128_757.jpg male
prediction of /data/suparna/workspace/face_reasearch/smallfaces/male3.png male
prediction of /data/suparna/workspace/face_reasearch/smallfaces/female4.png female
prediction of /data/suparna/workspace/face_reasearch/smallfaces/female1.png female
prediction of /data/suparna/workspace/face_reasearch/smallfaces/Andy Samberg116_450.jpg male
prediction of /data/suparna/workspace/face_reasearch/smallfaces/Emilia Clarke10_863.jpg female
prediction of /data/suparna/workspace/face_reasearch/smallfaces/Chris Pratt104_729.jpg male
prediction of /data/suparna/workspace/face_reasearch/smallfaces/Cristiano Ronaldo147_1297.jpg male
prediction of /data/suparna/workspace/face_reasearch/smallfaces/Adriana Lima115_18.jpg female
prediction of /data/suparna/workspace/face_reasearch/smallfaces/Emma Watson119_1857.jpg male
Testing end:Mon May  9 05:48:50 2022
Program start: Mon May  9 05:49:41 2022
Prediction start:Mon May  9 05:49:44 2022
prediction of /data/suparna/workspace/face_reasearch/smallfaces/Brie Larson102_942.jpg female
prediction of /data/suparna/workspace/face_reasearch/smallfaces/female2.png male
prediction of /data/suparna/workspace/face_reasearch/smallfaces/male2.png male
prediction of /data/suparna/workspace/face_reasearch/smallfaces/male1.png male
prediction of /data/suparna/workspace/face_reasearch/smallfaces/Anne Hathaway10_295.jpg female
prediction of /data/suparna/workspace/face_reasearch/smallfaces/Gwyneth Paltrow102_2061.jpg female
prediction of /data/suparna/workspace/face_reasearch/smallfaces/Brenton Thwaites128_757.jpg male
prediction of /data/suparna/workspace/face_reasearch/smallfaces/male3.png male
prediction of /data/suparna/workspace/face_reasearch/smallfaces/female4.png female
prediction of /data/suparna/workspace/face_reasearch/smallfaces/female1.png female
prediction of /data/suparna/workspace/face_reasearch/smallfaces/Andy Samberg116_450.jpg male
prediction of /data/suparna/workspace/face_reasearch/smallfaces/Emilia Clarke10_863.jpg female
prediction of /data/suparna/workspace/face_reasearch/smallfaces/Chris Pratt104_729.jpg male
prediction of /data/suparna/workspace/face_reasearch/smallfaces/Cristiano Ronaldo147_1297.jpg male
prediction of /data/suparna/workspace/face_reasearch/smallfaces/Adriana Lima115_18.jpg female
prediction of /data/suparna/workspace/face_reasearch/smallfaces/Emma Watson119_1857.jpg male
Testing end:Mon May  9 05:49:45 2022
Program start: Mon May  9 05:50:53 2022
Prediction start:Mon May  9 05:50:57 2022
prediction of /data/suparna/workspace/face_reasearch/smallfaces/Brie Larson102_942.jpg female
prediction of /data/suparna/workspace/face_reasearch/smallfaces/female2.png male
prediction of /data/suparna/workspace/face_reasearch/smallfaces/male2.png male
prediction of /data/suparna/workspace/face_reasearch/smallfaces/male1.png male
prediction of /data/suparna/workspace/face_reasearch/smallfaces/Anne Hathaway10_295.jpg female
prediction of /data/suparna/workspace/face_reasearch/smallfaces/Gwyneth Paltrow102_2061.jpg female
prediction of /data/suparna/workspace/face_reasearch/smallfaces/Brenton Thwaites128_757.jpg male
prediction of /data/suparna/workspace/face_reasearch/smallfaces/male3.png male
prediction of /data/suparna/workspace/face_reasearch/smallfaces/female4.png female
prediction of /data/suparna/workspace/face_reasearch/smallfaces/female1.png female
prediction of /data/suparna/workspace/face_reasearch/smallfaces/Andy Samberg116_450.jpg male
prediction of /data/suparna/workspace/face_reasearch/smallfaces/Emilia Clarke10_863.jpg female
prediction of /data/suparna/workspace/face_reasearch/smallfaces/Chris Pratt104_729.jpg male
prediction of /data/suparna/workspace/face_reasearch/smallfaces/Cristiano Ronaldo147_1297.jpg male
prediction of /data/suparna/workspace/face_reasearch/smallfaces/Adriana Lima115_18.jpg female
prediction of /data/suparna/workspace/face_reasearch/smallfaces/Emma Watson119_1857.jpg male
Testing end:Mon May  9 05:50:57 2022
Program start: Mon May  9 05:58:48 2022
Prediction start:Mon May  9 05:58:52 2022
Program start: Mon May  9 05:59:26 2022
Prediction start:Mon May  9 05:59:30 2022
prediction of /data/suparna/workspace/face_reasearch/smallfaces/Brie Larson102_942.jpg female
prediction of /data/suparna/workspace/face_reasearch/smallfaces/female2.png male
prediction of /data/suparna/workspace/face_reasearch/smallfaces/male2.png male
prediction of /data/suparna/workspace/face_reasearch/smallfaces/male1.png male
prediction of /data/suparna/workspace/face_reasearch/smallfaces/Anne Hathaway10_295.jpg female
prediction of /data/suparna/workspace/face_reasearch/smallfaces/Gwyneth Paltrow102_2061.jpg female
prediction of /data/suparna/workspace/face_reasearch/smallfaces/Brenton Thwaites128_757.jpg male
prediction of /data/suparna/workspace/face_reasearch/smallfaces/male3.png male
prediction of /data/suparna/workspace/face_reasearch/smallfaces/female4.png female
prediction of /data/suparna/workspace/face_reasearch/smallfaces/female1.png female
prediction of /data/suparna/workspace/face_reasearch/smallfaces/Andy Samberg116_450.jpg male
prediction of /data/suparna/workspace/face_reasearch/smallfaces/Emilia Clarke10_863.jpg female
prediction of /data/suparna/workspace/face_reasearch/smallfaces/Chris Pratt104_729.jpg male
prediction of /data/suparna/workspace/face_reasearch/smallfaces/Cristiano Ronaldo147_1297.jpg male
prediction of /data/suparna/workspace/face_reasearch/smallfaces/Adriana Lima115_18.jpg female
prediction of /data/suparna/workspace/face_reasearch/smallfaces/Emma Watson119_1857.jpg male
Testing end:Mon May  9 05:59:30 2022
Program start: Mon May  9 06:00:12 2022
Prediction start:Mon May  9 06:00:15 2022
prediction of /data/suparna/workspace/face_reasearch/smallfaces/Brie Larson102_942.jpg female
prediction of /data/suparna/workspace/face_reasearch/smallfaces/female2.png male
prediction of /data/suparna/workspace/face_reasearch/smallfaces/male2.png male
prediction of /data/suparna/workspace/face_reasearch/smallfaces/male1.png male
prediction of /data/suparna/workspace/face_reasearch/smallfaces/Anne Hathaway10_295.jpg female
prediction of /data/suparna/workspace/face_reasearch/smallfaces/Gwyneth Paltrow102_2061.jpg female
prediction of /data/suparna/workspace/face_reasearch/smallfaces/Brenton Thwaites128_757.jpg male
prediction of /data/suparna/workspace/face_reasearch/smallfaces/male3.png male
prediction of /data/suparna/workspace/face_reasearch/smallfaces/female4.png female
prediction of /data/suparna/workspace/face_reasearch/smallfaces/female1.png female
prediction of /data/suparna/workspace/face_reasearch/smallfaces/Andy Samberg116_450.jpg male
prediction of /data/suparna/workspace/face_reasearch/smallfaces/Emilia Clarke10_863.jpg female
prediction of /data/suparna/workspace/face_reasearch/smallfaces/Chris Pratt104_729.jpg male
prediction of /data/suparna/workspace/face_reasearch/smallfaces/Cristiano Ronaldo147_1297.jpg male
prediction of /data/suparna/workspace/face_reasearch/smallfaces/Adriana Lima115_18.jpg female
prediction of /data/suparna/workspace/face_reasearch/smallfaces/Emma Watson119_1857.jpg male
Testing end:Mon May  9 06:00:16 2022
