Program start: Mon May  9 06:03:35 2022
Program start: Mon May  9 06:04:13 2022
Prediction start:Mon May  9 06:04:17 2022
prediction of /data/suparna/workspace/face_reasearch/smallfaces/Brie Larson102_942.jpg blond
prediction of /data/suparna/workspace/face_reasearch/smallfaces/female2.png blond
prediction of /data/suparna/workspace/face_reasearch/smallfaces/male2.png brown
prediction of /data/suparna/workspace/face_reasearch/smallfaces/male1.png brown
prediction of /data/suparna/workspace/face_reasearch/smallfaces/Anne Hathaway10_295.jpg brown
prediction of /data/suparna/workspace/face_reasearch/smallfaces/Gwyneth Paltrow102_2061.jpg blond
prediction of /data/suparna/workspace/face_reasearch/smallfaces/Brenton Thwaites128_757.jpg brown
prediction of /data/suparna/workspace/face_reasearch/smallfaces/male3.png brown
prediction of /data/suparna/workspace/face_reasearch/smallfaces/female4.png brown
prediction of /data/suparna/workspace/face_reasearch/smallfaces/female1.png brown
prediction of /data/suparna/workspace/face_reasearch/smallfaces/Andy Samberg116_450.jpg brown
prediction of /data/suparna/workspace/face_reasearch/smallfaces/Emilia Clarke10_863.jpg brown
prediction of /data/suparna/workspace/face_reasearch/smallfaces/Chris Pratt104_729.jpg bald
prediction of /data/suparna/workspace/face_reasearch/smallfaces/Cristiano Ronaldo147_1297.jpg brown
prediction of /data/suparna/workspace/face_reasearch/smallfaces/Adriana Lima115_18.jpg brown
prediction of /data/suparna/workspace/face_reasearch/smallfaces/Emma Watson119_1857.jpg brown
Testing end:Mon May  9 06:04:17 2022
