Program start: Mon May  9 06:06:32 2022
Testing start:Mon May  9 06:06:36 2022
Program start: Mon May  9 06:07:07 2022
Testing start:Mon May  9 06:07:11 2022
Testing end:Mon May  9 06:07:11 2022
Program start: Mon May  9 06:08:17 2022
Testing start:Mon May  9 06:08:21 2022
prediction of /data/suparna/workspace/face_reasearch/smallfaces/Brie Larson102_942.jpg female brown
prediction of /data/suparna/workspace/face_reasearch/smallfaces/female2.png male gray
prediction of /data/suparna/workspace/face_reasearch/smallfaces/male2.png male brown
prediction of /data/suparna/workspace/face_reasearch/smallfaces/male1.png male black
prediction of /data/suparna/workspace/face_reasearch/smallfaces/Anne Hathaway10_295.jpg female brown
prediction of /data/suparna/workspace/face_reasearch/smallfaces/Gwyneth Paltrow102_2061.jpg female blond
prediction of /data/suparna/workspace/face_reasearch/smallfaces/Brenton Thwaites128_757.jpg male brown
prediction of /data/suparna/workspace/face_reasearch/smallfaces/male3.png male black
prediction of /data/suparna/workspace/face_reasearch/smallfaces/female4.png female brown
prediction of /data/suparna/workspace/face_reasearch/smallfaces/female1.png female brown
prediction of /data/suparna/workspace/face_reasearch/smallfaces/Andy Samberg116_450.jpg male brown
prediction of /data/suparna/workspace/face_reasearch/smallfaces/Emilia Clarke10_863.jpg female brown
prediction of /data/suparna/workspace/face_reasearch/smallfaces/Chris Pratt104_729.jpg male brown
prediction of /data/suparna/workspace/face_reasearch/smallfaces/Cristiano Ronaldo147_1297.jpg male brown
prediction of /data/suparna/workspace/face_reasearch/smallfaces/Adriana Lima115_18.jpg male brown
prediction of /data/suparna/workspace/face_reasearch/smallfaces/Emma Watson119_1857.jpg male brown
Testing end:Mon May  9 06:08:21 2022
